<?xml version="1.0" encoding="UTF-8"?>
<!-- Generated by org.testng.reporters.JUnitReportReporter -->
<testsuite hostname="mint-HP-EliteBook-850-G4" failures="0" tests="1" name="test.Test_1" time="0.119" errors="0" timestamp="2024-03-06T17:05:16 BOT" skipped="0">
  <testcase classname="test.Test_1" name="f" time="0.119"/>
</testsuite> <!-- test.Test_1 -->
